04-01-2020 16:52:55.243 [main] INFO  o.s.b.t.c.SpringBootTestContextBootstrapper.buildDefaultMergedContextConfiguration - Neither @ContextConfiguration nor @ContextHierarchy found for test class [com.learncamel.routes.CountryRestRouteTest], using SpringBootContextLoader
04-01-2020 16:52:55.257 [main] INFO  o.s.t.c.s.AbstractContextLoader.generateDefaultLocations - Could not detect default resource locations for test class [com.learncamel.routes.CountryRestRouteTest]: no resource found for suffixes {-context.xml, Context.groovy}.
04-01-2020 16:52:55.258 [main] INFO  o.s.t.c.s.AnnotationConfigContextLoaderUtils.detectDefaultConfigurationClasses - Could not detect default configuration classes for test class [com.learncamel.routes.CountryRestRouteTest]: CountryRestRouteTest does not declare any static, non-private, non-final, nested classes annotated with @Configuration.
04-01-2020 16:52:55.389 [main] INFO  o.s.b.t.c.SpringBootTestContextBootstrapper.getOrFindConfigurationClasses - Found @SpringBootConfiguration com.learncamel.RestCamelApplication for test class com.learncamel.routes.CountryRestRouteTest
04-01-2020 16:52:55.397 [main] INFO  o.s.b.t.c.SpringBootTestContextBootstrapper.getDefaultTestExecutionListenerClassNames - Loaded default TestExecutionListener class names from location [META-INF/spring.factories]: [org.springframework.boot.test.mock.mockito.MockitoTestExecutionListener, org.springframework.boot.test.mock.mockito.ResetMocksTestExecutionListener, org.springframework.boot.test.autoconfigure.restdocs.RestDocsTestExecutionListener, org.springframework.boot.test.autoconfigure.web.client.MockRestServiceServerResetTestExecutionListener, org.springframework.boot.test.autoconfigure.web.servlet.MockMvcPrintOnlyOnFailureTestExecutionListener, org.springframework.boot.test.autoconfigure.web.servlet.WebDriverTestExecutionListener, org.springframework.test.context.web.ServletTestExecutionListener, org.springframework.test.context.support.DirtiesContextBeforeModesTestExecutionListener, org.springframework.test.context.support.DependencyInjectionTestExecutionListener, org.springframework.test.context.support.DirtiesContextTestExecutionListener, org.springframework.test.context.transaction.TransactionalTestExecutionListener, org.springframework.test.context.jdbc.SqlScriptsTestExecutionListener]
04-01-2020 16:52:55.420 [main] INFO  o.s.b.t.c.SpringBootTestContextBootstrapper.getTestExecutionListeners - Using TestExecutionListeners: [org.springframework.test.context.web.ServletTestExecutionListener@1817d444, org.springframework.test.context.support.DirtiesContextBeforeModesTestExecutionListener@6ca8564a, org.springframework.boot.test.autoconfigure.SpringBootDependencyInjectionTestExecutionListener@50b472aa, org.springframework.test.context.support.DirtiesContextTestExecutionListener@31368b99, org.springframework.test.context.transaction.TransactionalTestExecutionListener@1725dc0f, org.springframework.test.context.jdbc.SqlScriptsTestExecutionListener@3911c2a7, org.springframework.boot.test.autoconfigure.restdocs.RestDocsTestExecutionListener@4ac3c60d, org.springframework.boot.test.autoconfigure.web.servlet.WebDriverTestExecutionListener@4facf68f, org.springframework.boot.test.autoconfigure.web.client.MockRestServiceServerResetTestExecutionListener@76508ed1, org.springframework.boot.test.mock.mockito.MockitoTestExecutionListener@41e36e46, org.springframework.boot.test.mock.mockito.ResetMocksTestExecutionListener@15c43bd9, org.springframework.boot.test.autoconfigure.web.servlet.MockMvcPrintOnlyOnFailureTestExecutionListener@3d74bf60]
04-01-2020 16:52:55.442 [main] INFO  o.a.c.t.s.CamelSpringBootExecutionListener.prepareTestInstance - @RunWith(CamelSpringBootJUnit4ClassRunner.class) preparing: class com.learncamel.routes.CountryRestRouteTest
04-01-2020 16:52:56.094 [main] INFO  c.l.routes.CountryRestRouteTest.logStarting - Starting CountryRestRouteTest on ConradMac with PID 22594 (started by conradperes in /Users/conradperes/Projects/camel/rest-learncamel-spring-boot-2)
04-01-2020 16:52:56.094 [main] INFO  c.l.routes.CountryRestRouteTest.logStartupProfileInfo - The following profiles are active: dev
04-01-2020 16:52:56.136 [main] INFO  o.s.w.c.s.GenericWebApplicationContext.prepareRefresh - Refreshing org.springframework.web.context.support.GenericWebApplicationContext@27d5a580: startup date [Sat Jan 04 16:52:56 BRST 2020]; root of context hierarchy
04-01-2020 16:52:56.567 [background-preinit] INFO  o.h.validator.internal.util.Version.<clinit> - HV000001: Hibernate Validator 5.3.6.Final
04-01-2020 16:52:58.444 [main] INFO  o.s.c.s.PostProcessorRegistrationDelegate$BeanPostProcessorChecker.postProcessAfterInitialization - Bean 'org.apache.camel.spring.boot.CamelAutoConfiguration' of type [org.apache.camel.spring.boot.CamelAutoConfiguration$$EnhancerBySpringCGLIB$$e9b4066d] is not eligible for getting processed by all BeanPostProcessors (for example: not eligible for auto-proxying)
04-01-2020 16:52:58.459 [main] INFO  o.s.c.s.PostProcessorRegistrationDelegate$BeanPostProcessorChecker.postProcessAfterInitialization - Bean 'org.springframework.transaction.annotation.ProxyTransactionManagementConfiguration' of type [org.springframework.transaction.annotation.ProxyTransactionManagementConfiguration$$EnhancerBySpringCGLIB$$c78a404e] is not eligible for getting processed by all BeanPostProcessors (for example: not eligible for auto-proxying)
04-01-2020 16:52:59.618 [main] INFO  o.s.w.s.m.m.a.RequestMappingHandlerAdapter.initControllerAdviceCache - Looking for @ControllerAdvice: org.springframework.web.context.support.GenericWebApplicationContext@27d5a580: startup date [Sat Jan 04 16:52:56 BRST 2020]; root of context hierarchy
04-01-2020 16:52:59.738 [main] INFO  o.s.w.s.m.m.a.RequestMappingHandlerMapping.register - Mapped "{[/error]}" onto public org.springframework.http.ResponseEntity<java.util.Map<java.lang.String, java.lang.Object>> org.springframework.boot.autoconfigure.web.BasicErrorController.error(javax.servlet.http.HttpServletRequest)
04-01-2020 16:52:59.741 [main] INFO  o.s.w.s.m.m.a.RequestMappingHandlerMapping.register - Mapped "{[/error],produces=[text/html]}" onto public org.springframework.web.servlet.ModelAndView org.springframework.boot.autoconfigure.web.BasicErrorController.errorHtml(javax.servlet.http.HttpServletRequest,javax.servlet.http.HttpServletResponse)
04-01-2020 16:52:59.801 [main] INFO  o.s.w.s.h.SimpleUrlHandlerMapping.registerHandler - Mapped URL path [/webjars/**] onto handler of type [class org.springframework.web.servlet.resource.ResourceHttpRequestHandler]
04-01-2020 16:52:59.801 [main] INFO  o.s.w.s.h.SimpleUrlHandlerMapping.registerHandler - Mapped URL path [/**] onto handler of type [class org.springframework.web.servlet.resource.ResourceHttpRequestHandler]
04-01-2020 16:52:59.873 [main] INFO  o.s.w.s.h.SimpleUrlHandlerMapping.registerHandler - Mapped URL path [/**/favicon.ico] onto handler of type [class org.springframework.web.servlet.resource.ResourceHttpRequestHandler]
04-01-2020 16:53:00.171 [main] WARN  o.a.c.i.DefaultCamelBeanPostProcessor.postProcessBeforeInitialization - No CamelContext defined yet so cannot inject into bean: routesHealthCheckRepository
04-01-2020 16:53:00.494 [main] INFO  o.a.c.i.c.DefaultTypeConverter.doStart - Type converters loaded (core: 192, classpath: 14)
04-01-2020 16:53:01.519 [main] INFO  o.s.b.a.e.mvc.EndpointHandlerMapping.register - Mapped "{[/camel/routes/{id}/start],methods=[POST],produces=[application/vnd.spring-boot.actuator.v1+json || application/json]}" onto public java.lang.Object org.apache.camel.spring.boot.actuate.endpoint.CamelRoutesMvcEndpoint.start(java.lang.String)
04-01-2020 16:53:01.520 [main] INFO  o.s.b.a.e.mvc.EndpointHandlerMapping.register - Mapped "{[/camel/routes/{id}/stop],methods=[POST],produces=[application/vnd.spring-boot.actuator.v1+json || application/json]}" onto public java.lang.Object org.apache.camel.spring.boot.actuate.endpoint.CamelRoutesMvcEndpoint.stop(java.lang.String,java.lang.Long,java.lang.Boolean)
04-01-2020 16:53:01.522 [main] INFO  o.s.b.a.e.mvc.EndpointHandlerMapping.register - Mapped "{[/camel/routes/{id}/suspend],methods=[POST],produces=[application/vnd.spring-boot.actuator.v1+json || application/json]}" onto public java.lang.Object org.apache.camel.spring.boot.actuate.endpoint.CamelRoutesMvcEndpoint.suspend(java.lang.String,java.lang.Long)
04-01-2020 16:53:01.523 [main] INFO  o.s.b.a.e.mvc.EndpointHandlerMapping.register - Mapped "{[/camel/routes/{id}/resume],methods=[POST],produces=[application/vnd.spring-boot.actuator.v1+json || application/json]}" onto public java.lang.Object org.apache.camel.spring.boot.actuate.endpoint.CamelRoutesMvcEndpoint.resume(java.lang.String)
04-01-2020 16:53:01.523 [main] INFO  o.s.b.a.e.mvc.EndpointHandlerMapping.register - Mapped "{[/camel/routes/{id}/reset],methods=[POST],produces=[application/vnd.spring-boot.actuator.v1+json || application/json]}" onto public java.lang.Object org.apache.camel.spring.boot.actuate.endpoint.CamelRoutesMvcEndpoint.reset(java.lang.String)
04-01-2020 16:53:01.524 [main] INFO  o.s.b.a.e.mvc.EndpointHandlerMapping.register - Mapped "{[/camel/routes/{id}/info],methods=[GET],produces=[application/vnd.spring-boot.actuator.v1+json || application/json]}" onto public java.lang.Object org.apache.camel.spring.boot.actuate.endpoint.CamelRoutesMvcEndpoint.info(java.lang.String)
04-01-2020 16:53:01.524 [main] INFO  o.s.b.a.e.mvc.EndpointHandlerMapping.register - Mapped "{[/camel/routes/{id}/detail],methods=[GET],produces=[application/vnd.spring-boot.actuator.v1+json || application/json]}" onto public java.lang.Object org.apache.camel.spring.boot.actuate.endpoint.CamelRoutesMvcEndpoint.detail(java.lang.String)
04-01-2020 16:53:01.524 [main] INFO  o.s.b.a.e.mvc.EndpointHandlerMapping.register - Mapped "{[/camel/routes || /camel/routes.json],methods=[GET],produces=[application/vnd.spring-boot.actuator.v1+json || application/json]}" onto public java.lang.Object org.springframework.boot.actuate.endpoint.mvc.EndpointMvcAdapter.invoke()
04-01-2020 16:53:01.527 [main] INFO  o.s.b.a.e.mvc.EndpointHandlerMapping.register - Mapped "{[/env/{name:.*}],methods=[GET],produces=[application/vnd.spring-boot.actuator.v1+json || application/json]}" onto public java.lang.Object org.springframework.boot.actuate.endpoint.mvc.EnvironmentMvcEndpoint.value(java.lang.String)
04-01-2020 16:53:01.527 [main] INFO  o.s.b.a.e.mvc.EndpointHandlerMapping.register - Mapped "{[/env || /env.json],methods=[GET],produces=[application/vnd.spring-boot.actuator.v1+json || application/json]}" onto public java.lang.Object org.springframework.boot.actuate.endpoint.mvc.EndpointMvcAdapter.invoke()
04-01-2020 16:53:01.530 [main] INFO  o.s.b.a.e.mvc.EndpointHandlerMapping.register - Mapped "{[/mappings || /mappings.json],methods=[GET],produces=[application/vnd.spring-boot.actuator.v1+json || application/json]}" onto public java.lang.Object org.springframework.boot.actuate.endpoint.mvc.EndpointMvcAdapter.invoke()
04-01-2020 16:53:01.532 [main] INFO  o.s.b.a.e.mvc.EndpointHandlerMapping.register - Mapped "{[/heapdump || /heapdump.json],methods=[GET],produces=[application/octet-stream]}" onto public void org.springframework.boot.actuate.endpoint.mvc.HeapdumpMvcEndpoint.invoke(boolean,javax.servlet.http.HttpServletRequest,javax.servlet.http.HttpServletResponse) throws java.io.IOException,javax.servlet.ServletException
04-01-2020 16:53:01.534 [main] INFO  o.s.b.a.e.mvc.EndpointHandlerMapping.register - Mapped "{[/auditevents || /auditevents.json],methods=[GET],produces=[application/vnd.spring-boot.actuator.v1+json || application/json]}" onto public org.springframework.http.ResponseEntity<?> org.springframework.boot.actuate.endpoint.mvc.AuditEventsMvcEndpoint.findByPrincipalAndAfterAndType(java.lang.String,java.util.Date,java.lang.String)
04-01-2020 16:53:01.535 [main] INFO  o.s.b.a.e.mvc.EndpointHandlerMapping.register - Mapped "{[/beans || /beans.json],methods=[GET],produces=[application/vnd.spring-boot.actuator.v1+json || application/json]}" onto public java.lang.Object org.springframework.boot.actuate.endpoint.mvc.EndpointMvcAdapter.invoke()
04-01-2020 16:53:01.538 [main] INFO  o.s.b.a.e.mvc.EndpointHandlerMapping.register - Mapped "{[/camel/health/check/{id}/invoke],methods=[GET],produces=[application/vnd.spring-boot.actuator.v1+json || application/json]}" onto public java.lang.Object org.apache.camel.spring.boot.actuate.endpoint.CamelHealthCheckMvcEndpoint.invoke(java.lang.String,java.util.Map<java.lang.String, java.lang.Object>)
04-01-2020 16:53:01.539 [main] INFO  o.s.b.a.e.mvc.EndpointHandlerMapping.register - Mapped "{[/camel/health/check/{id}],methods=[GET],produces=[application/vnd.spring-boot.actuator.v1+json || application/json]}" onto public java.lang.Object org.apache.camel.spring.boot.actuate.endpoint.CamelHealthCheckMvcEndpoint.query(java.lang.String,java.util.Map<java.lang.String, java.lang.Object>)
04-01-2020 16:53:01.540 [main] INFO  o.s.b.a.e.mvc.EndpointHandlerMapping.register - Mapped "{[/camel/health/check || /camel/health/check.json],methods=[GET],produces=[application/vnd.spring-boot.actuator.v1+json || application/json]}" onto public java.lang.Object org.springframework.boot.actuate.endpoint.mvc.EndpointMvcAdapter.invoke()
04-01-2020 16:53:01.541 [main] INFO  o.s.b.a.e.mvc.EndpointHandlerMapping.register - Mapped "{[/trace || /trace.json],methods=[GET],produces=[application/vnd.spring-boot.actuator.v1+json || application/json]}" onto public java.lang.Object org.springframework.boot.actuate.endpoint.mvc.EndpointMvcAdapter.invoke()
04-01-2020 16:53:01.543 [main] INFO  o.s.b.a.e.mvc.EndpointHandlerMapping.register - Mapped "{[/info || /info.json],methods=[GET],produces=[application/vnd.spring-boot.actuator.v1+json || application/json]}" onto public java.lang.Object org.springframework.boot.actuate.endpoint.mvc.EndpointMvcAdapter.invoke()
04-01-2020 16:53:01.544 [main] INFO  o.s.b.a.e.mvc.EndpointHandlerMapping.register - Mapped "{[/health || /health.json],methods=[GET],produces=[application/vnd.spring-boot.actuator.v1+json || application/json]}" onto public java.lang.Object org.springframework.boot.actuate.endpoint.mvc.HealthMvcEndpoint.invoke(javax.servlet.http.HttpServletRequest,java.security.Principal)
04-01-2020 16:53:01.546 [main] INFO  o.s.b.a.e.mvc.EndpointHandlerMapping.register - Mapped "{[/camel/route-controller || /camel/route-controller.json],methods=[GET],produces=[application/vnd.spring-boot.actuator.v1+json || application/json]}" onto public java.lang.Object org.springframework.boot.actuate.endpoint.mvc.EndpointMvcAdapter.invoke()
04-01-2020 16:53:01.548 [main] INFO  o.s.b.a.e.mvc.EndpointHandlerMapping.register - Mapped "{[/loggers/{name:.*}],methods=[GET],produces=[application/vnd.spring-boot.actuator.v1+json || application/json]}" onto public java.lang.Object org.springframework.boot.actuate.endpoint.mvc.LoggersMvcEndpoint.get(java.lang.String)
04-01-2020 16:53:01.549 [main] INFO  o.s.b.a.e.mvc.EndpointHandlerMapping.register - Mapped "{[/loggers/{name:.*}],methods=[POST],consumes=[application/vnd.spring-boot.actuator.v1+json || application/json],produces=[application/vnd.spring-boot.actuator.v1+json || application/json]}" onto public java.lang.Object org.springframework.boot.actuate.endpoint.mvc.LoggersMvcEndpoint.set(java.lang.String,java.util.Map<java.lang.String, java.lang.String>)
04-01-2020 16:53:01.549 [main] INFO  o.s.b.a.e.mvc.EndpointHandlerMapping.register - Mapped "{[/loggers || /loggers.json],methods=[GET],produces=[application/vnd.spring-boot.actuator.v1+json || application/json]}" onto public java.lang.Object org.springframework.boot.actuate.endpoint.mvc.EndpointMvcAdapter.invoke()
04-01-2020 16:53:01.550 [main] INFO  o.s.b.a.e.mvc.EndpointHandlerMapping.register - Mapped "{[/metrics/{name:.*}],methods=[GET],produces=[application/vnd.spring-boot.actuator.v1+json || application/json]}" onto public java.lang.Object org.springframework.boot.actuate.endpoint.mvc.MetricsMvcEndpoint.value(java.lang.String)
04-01-2020 16:53:01.551 [main] INFO  o.s.b.a.e.mvc.EndpointHandlerMapping.register - Mapped "{[/metrics || /metrics.json],methods=[GET],produces=[application/vnd.spring-boot.actuator.v1+json || application/json]}" onto public java.lang.Object org.springframework.boot.actuate.endpoint.mvc.EndpointMvcAdapter.invoke()
04-01-2020 16:53:01.551 [main] INFO  o.s.b.a.e.mvc.EndpointHandlerMapping.register - Mapped "{[/configprops || /configprops.json],methods=[GET],produces=[application/vnd.spring-boot.actuator.v1+json || application/json]}" onto public java.lang.Object org.springframework.boot.actuate.endpoint.mvc.EndpointMvcAdapter.invoke()
04-01-2020 16:53:01.552 [main] INFO  o.s.b.a.e.mvc.EndpointHandlerMapping.register - Mapped "{[/dump || /dump.json],methods=[GET],produces=[application/vnd.spring-boot.actuator.v1+json || application/json]}" onto public java.lang.Object org.springframework.boot.actuate.endpoint.mvc.EndpointMvcAdapter.invoke()
04-01-2020 16:53:01.553 [main] INFO  o.s.b.a.e.mvc.EndpointHandlerMapping.register - Mapped "{[/autoconfig || /autoconfig.json],methods=[GET],produces=[application/vnd.spring-boot.actuator.v1+json || application/json]}" onto public java.lang.Object org.springframework.boot.actuate.endpoint.mvc.EndpointMvcAdapter.invoke()
04-01-2020 16:53:02.228 [main] INFO  o.a.c.spring.boot.RoutesCollector.loadXmlRoutes - Loading additional Camel XML routes from: classpath:camel/*.xml
04-01-2020 16:53:02.229 [main] INFO  o.a.c.spring.boot.RoutesCollector.loadXmlRests - Loading additional Camel XML rests from: classpath:camel-rest/*.xml
04-01-2020 16:53:02.262 [main] INFO  c.l.routes.CountryRestRouteTest.logStarted - Started CountryRestRouteTest in 6.69 seconds (JVM running for 7.769)
04-01-2020 16:53:02.275 [main] INFO  o.a.c.t.s.CamelAnnotationsHandler.execute - Setting shutdown timeout to [10 SECONDS] on CamelContext with name [camelContext].
04-01-2020 16:53:02.295 [main] WARN  o.s.b.f.a.AutowiredAnnotationBeanPostProcessor.doWith - Autowired annotation should only be used on methods with parameters: protected org.apache.camel.CamelContext com.learncamel.routes.CountryRestRouteTest.createCamelContext()
04-01-2020 16:53:02.336 [main] INFO  o.a.c.t.s.CamelSpringBootExecutionListener.beforeTestMethod - @RunWith(CamelSpringBootJUnit4ClassRunner.class) before: class com.learncamel.routes.CountryRestRouteTest.persistCountry
04-01-2020 16:53:02.337 [main] INFO  o.a.c.t.s.CamelSpringBootExecutionListener.beforeTestMethod - Initialized CamelSpringBootJUnit4ClassRunner now ready to start CamelContext
04-01-2020 16:53:02.339 [main] INFO  o.a.c.t.s.CamelAnnotationsHandler.execute - Starting CamelContext with name [camelContext].
04-01-2020 16:53:02.340 [main] INFO  o.a.camel.spring.SpringCamelContext.start - Apache Camel 2.20.1 (CamelContext: camel-1) is starting
04-01-2020 16:53:02.342 [main] INFO  o.a.c.m.ManagedManagementStrategy.doStart - JMX is enabled
04-01-2020 16:53:02.872 [main] INFO  o.a.camel.spring.SpringCamelContext.doStartCamel - StreamCaching is not in use. If using streams then its recommended to enable stream caching. See more details at http://camel.apache.org/stream-caching.html
04-01-2020 16:53:03.071 [main] INFO  org.restlet.Component.Server.start - Starting the internal [HTTP/1.1] server on port 8081
04-01-2020 16:53:03.075 [main] INFO  o.a.camel.spring.SpringCamelContext.doStartOrResumeRouteConsumers - Route: countryPostRoute started and consuming from: restlet://http://localhost:8081/country?restletMethods=POST
04-01-2020 16:53:03.077 [main] INFO  o.a.camel.spring.SpringCamelContext.doStartOrResumeRouteConsumers - Route: healthRoute started and consuming from: timer://health?period=10s
04-01-2020 16:53:03.079 [main] INFO  o.a.camel.spring.SpringCamelContext.doStartOrResumeRouteConsumers - Route: route1 started and consuming from: timer://restRoute?period=10s
04-01-2020 16:53:03.081 [main] INFO  o.a.camel.spring.SpringCamelContext.start - Total 3 routes, of which 3 are started
04-01-2020 16:53:03.082 [main] INFO  o.a.camel.spring.SpringCamelContext.start - Apache Camel 2.20.1 (CamelContext: camel-1) started in 0.741 seconds
04-01-2020 16:53:03.280 [Restlet-38073174] INFO  countryPostRoute.log - Received Body is {"name":"United Kingdom of Great Britain and Northern Ireland","topLevelDomain":[".uk"],"alpha2Code":"GB","alpha3Code":"GBR","callingCodes":["44"],"capital":"London","altSpellings":["GB","UK","Great Britain"],"region":"Europe","subregion":"Northern Europe","population":65110000,"latlng":[54.0,-2.0],"demonym":"British","area":242900.0,"gini":34.0,"timezones":["UTC-08:00","UTC-05:00","UTC-04:00","UTC-03:00","UTC-02:00","UTC","UTC+01:00","UTC+02:00","UTC+06:00"],"borders":["IRL"],"nativeName":"United Kingdom","numericCode":"826","currencies":[{"code":"GBP","name":"British pound","symbol":"£"}],"languages":[{"iso639_1":"en","iso639_2":"eng","name":"English","nativeName":"English"}],"translations":{"de":"Vereinigtes Königreich","es":"Reino Unido","fr":"Royaume-Uni","ja":"イギリス","it":"Regno Unito","br":"Reino Unido","pt":"Reino Unido","nl":"Verenigd Koninkrijk","hr":"Ujedinjeno Kraljevstvo","fa":"بریتانیای کبیر و ایرلند شمالی"},"flag":"https://restcountries.eu/data/gbr.svg","regionalBlocs":[{"acronym":"EU","name":"European Union","otherAcronyms":[],"otherNames":[]}],"cioc":"GBR"}
04-01-2020 16:53:03.291 [Restlet-38073174] INFO  countryPostRoute.log - Unmarshaled record is Country{name='United Kingdom of Great Britain and Northern Ireland', alpha3Code='GBR', population='65110000'}
04-01-2020 16:53:03.292 [Restlet-38073174] INFO  c.l.processor.BuildSQLProcessor.process - Query is :INSERT INTO COUNTRY (NAME, COUNTRY_CODE, POPULATION) VALUES ('United Kingdom of Great Britain and Northern Ireland','GBR',65110000);
04-01-2020 16:53:03.613 [Restlet-38073174] INFO  countryPostRoute.log - Inserted Country is [{country_i=5, name=United Kingdom of Great Britain and Northern Ireland, country_code=GBR, population=65110000, crte_ts=2020-01-04 16:53:03.552233}]
04-01-2020 16:53:03.625 [Restlet-38073174] INFO  org.restlet.Component.LogService.afterHandle - 2020-01-04	16:53:03	127.0.0.1	-	localhost	8081	POST	/country	-	200	149	1124	355	http://localhost:8081	Jakarta Commons-HttpClient/3.1	-
04-01-2020 16:53:03.651 [main] INFO  c.l.routes.CountryRestRouteTest.tearDown - ********************************************************************************
04-01-2020 16:53:03.651 [main] INFO  c.l.routes.CountryRestRouteTest.tearDown - Testing done: persistCountry(com.learncamel.routes.CountryRestRouteTest)
04-01-2020 16:53:03.652 [main] INFO  c.l.routes.CountryRestRouteTest.tearDown - Took: 8.210 seconds (8210 millis)
04-01-2020 16:53:03.652 [main] INFO  c.l.routes.CountryRestRouteTest.tearDown - ********************************************************************************
04-01-2020 16:53:03.658 [main] INFO  o.s.w.c.s.GenericWebApplicationContext.doClose - Closing org.springframework.web.context.support.GenericWebApplicationContext@27d5a580: startup date [Sat Jan 04 16:52:56 BRST 2020]; root of context hierarchy
04-01-2020 16:53:03.662 [main] INFO  o.s.c.s.DefaultLifecycleProcessor.stop - Stopping beans in phase 2147483647
04-01-2020 16:53:03.662 [main] INFO  o.a.camel.spring.SpringCamelContext.doStop - Apache Camel 2.20.1 (CamelContext: camel-1) is shutting down
04-01-2020 16:53:03.663 [main] INFO  o.a.c.impl.DefaultShutdownStrategy.doShutdown - Starting to graceful shutdown 3 routes (timeout 10 seconds)
04-01-2020 16:53:03.667 [Camel (camel-1) thread #3 - ShutdownTask] INFO  o.a.c.impl.DefaultShutdownStrategy.run - Route: countryPostRoute shutdown complete, was consuming from: restlet://http://localhost:8081/country?restletMethods=POST
04-01-2020 16:53:03.670 [Camel (camel-1) thread #3 - ShutdownTask] INFO  o.a.c.impl.DefaultShutdownStrategy.run - Route: route1 shutdown complete, was consuming from: timer://restRoute?period=10s
04-01-2020 16:53:03.671 [Camel (camel-1) thread #3 - ShutdownTask] INFO  o.a.c.impl.DefaultShutdownStrategy.run - Route: healthRoute shutdown complete, was consuming from: timer://health?period=10s
04-01-2020 16:53:03.671 [main] INFO  o.a.c.impl.DefaultShutdownStrategy.doShutdown - Graceful shutdown of 3 routes completed in 0 seconds
04-01-2020 16:53:03.707 [main] INFO  o.a.camel.spring.SpringCamelContext.doStop - Apache Camel 2.20.1 (CamelContext: camel-1) uptime 1.366 seconds
04-01-2020 16:53:03.707 [main] INFO  o.a.camel.spring.SpringCamelContext.doStop - Apache Camel 2.20.1 (CamelContext: camel-1) is shutdown in 0.045 seconds
04-01-2020 16:53:03.720 [main] INFO  c.l.routes.CountryRestRouteTest.afterTestMethod - ********************************************************************************
04-01-2020 16:53:03.721 [main] INFO  c.l.routes.CountryRestRouteTest.afterTestMethod - Testing done: persistCountry(com.learncamel.routes.CountryRestRouteTest)
04-01-2020 16:53:03.721 [main] INFO  c.l.routes.CountryRestRouteTest.afterTestMethod - Took: 0.638 seconds (638 millis)
04-01-2020 16:53:03.721 [main] INFO  c.l.routes.CountryRestRouteTest.afterTestMethod - ********************************************************************************
